<?xml version="1.0" encoding="UTF-8"?>
<testsuite xmlns:xsi="http://www.w3.org/2001/XMLSchema-instance" xsi:noNamespaceSchemaLocation="https://maven.apache.org/surefire/maven-surefire-plugin/xsd/surefire-test-report-3.0.xsd" version="3.0" name="org.example.DemoTest" time="0.039" tests="3" errors="0" skipped="0" failures="0">
  <properties>
    <property name="java.specification.version" value="20"/>
    <property name="sun.cpu.isalist" value="amd64"/>
    <property name="sun.jnu.encoding" value="GBK"/>
    <property name="java.class.path" value="D:\Java-WebProject\HeiMa\MavenProject01\target\test-classes;D:\Java-WebProject\HeiMa\MavenProject01\target\classes;D:\apache-maven-3.9.3\mvn_repo\ch\qos\logback\logback-classic\1.2.3\logback-classic-1.2.3.jar;D:\apache-maven-3.9.3\mvn_repo\ch\qos\logback\logback-core\1.2.3\logback-core-1.2.3.jar;D:\apache-maven-3.9.3\mvn_repo\org\slf4j\slf4j-api\1.7.25\slf4j-api-1.7.25.jar;D:\apache-maven-3.9.3\mvn_repo\junit\junit\4.12\junit-4.12.jar;D:\apache-maven-3.9.3\mvn_repo\org\hamcrest\hamcrest-core\1.3\hamcrest-core-1.3.jar;"/>
    <property name="java.vm.vendor" value="Oracle Corporation"/>
    <property name="sun.arch.data.model" value="64"/>
    <property name="user.variant" value=""/>
    <property name="java.vendor.url" value="https://java.oracle.com/"/>
    <property name="user.timezone" value="Asia/Shanghai"/>
    <property name="os.name" value="Windows 11"/>
    <property name="java.vm.specification.version" value="20"/>
    <property name="sun.java.launcher" value="SUN_STANDARD"/>
    <property name="user.country" value="CN"/>
    <property name="sun.boot.library.path" value="C:\Program Files\Java\jdk-20\bin"/>
    <property name="sun.java.command" value="C:\Users\王森安\AppData\Local\Temp\surefire9414560369369855860\surefirebooter-20230725151602473_3.jar C:\Users\王森安\AppData\Local\Temp\surefire9414560369369855860 2023-07-25T15-15-50_180-jvmRun1 surefire-20230725151602473_1tmp surefire_0-20230725151602473_2tmp"/>
    <property name="jdk.debug" value="release"/>
    <property name="surefire.test.class.path" value="D:\Java-WebProject\HeiMa\MavenProject01\target\test-classes;D:\Java-WebProject\HeiMa\MavenProject01\target\classes;D:\apache-maven-3.9.3\mvn_repo\ch\qos\logback\logback-classic\1.2.3\logback-classic-1.2.3.jar;D:\apache-maven-3.9.3\mvn_repo\ch\qos\logback\logback-core\1.2.3\logback-core-1.2.3.jar;D:\apache-maven-3.9.3\mvn_repo\org\slf4j\slf4j-api\1.7.25\slf4j-api-1.7.25.jar;D:\apache-maven-3.9.3\mvn_repo\junit\junit\4.12\junit-4.12.jar;D:\apache-maven-3.9.3\mvn_repo\org\hamcrest\hamcrest-core\1.3\hamcrest-core-1.3.jar;"/>
    <property name="sun.cpu.endian" value="little"/>
    <property name="user.home" value="C:\Users\王森安"/>
    <property name="user.language" value="zh"/>
    <property name="java.specification.vendor" value="Oracle Corporation"/>
    <property name="java.version.date" value="2023-04-18"/>
    <property name="java.home" value="C:\Program Files\Java\jdk-20"/>
    <property name="file.separator" value="\"/>
    <property name="basedir" value="D:\Java-WebProject\HeiMa\MavenProject01"/>
    <property name="java.vm.compressedOopsMode" value="Zero based"/>
    <property name="line.separator" value="&#10;"/>
    <property name="java.vm.specification.vendor" value="Oracle Corporation"/>
    <property name="java.specification.name" value="Java Platform API Specification"/>
    <property name="surefire.real.class.path" value="C:\Users\王森安\AppData\Local\Temp\surefire9414560369369855860\surefirebooter-20230725151602473_3.jar"/>
    <property name="user.script" value=""/>
    <property name="sun.management.compiler" value="HotSpot 64-Bit Tiered Compilers"/>
    <property name="java.runtime.version" value="20.0.1+9-29"/>
    <property name="user.name" value="王森安"/>
    <property name="stdout.encoding" value="GBK"/>
    <property name="path.separator" value=";"/>
    <property name="os.version" value="10.0"/>
    <property name="java.runtime.name" value="Java(TM) SE Runtime Environment"/>
    <property name="file.encoding" value="UTF-8"/>
    <property name="java.vm.name" value="Java HotSpot(TM) 64-Bit Server VM"/>
    <property name="localRepository" value="D:\apache-maven-3.9.3\mvn_repo"/>
    <property name="java.vendor.url.bug" value="https://bugreport.java.com/bugreport/"/>
    <property name="java.io.tmpdir" value="C:\Users\王森安\AppData\Local\Temp\"/>
    <property name="idea.version" value="2023.1.4"/>
    <property name="java.version" value="20.0.1"/>
    <property name="user.dir" value="D:\Java-WebProject\HeiMa\MavenProject01"/>
    <property name="os.arch" value="amd64"/>
    <property name="java.vm.specification.name" value="Java Virtual Machine Specification"/>
    <property name="sun.os.patch.level" value=""/>
    <property name="native.encoding" value="GBK"/>
    <property name="java.library.path" value="C:\Program Files\Java\jdk-20\bin;C:\WINDOWS\Sun\Java\bin;C:\WINDOWS\system32;C:\WINDOWS;D:\Album Classification\ImageMagic\ImageMagick-7.1.1-Q16-HDRI;C:\Program Files\PlasticSCM5\server;C:\Program Files\PlasticSCM5\client;C:\Program Files\Common Files\Oracle\Java\javapath;C:\WINDOWS\system32;C:\WINDOWS;C:\WINDOWS\System32\Wbem;C:\WINDOWS\System32\WindowsPowerShell\v1.0\;C:\WINDOWS\System32\OpenSSH\;&quot;C:\Program Files\Java\jdk-11.0.11\\bin;C:\Program Files\Java\jdk-11.0.11\\jre\bin;&quot;;C:\Program Files (x86)\Tencent\微信web开发者工具\dll;D:\Vis;al Studio\Git\cmd;C:\WINDOWS\system32;C:\WINDOWS;C:\WINDOWS\System32\Wbem;C:\WINDOWS\System32\WindowsPowerShell\v1.0\;C:\WINDOWS\System32\OpenSSH\;D:\Putty\;D:\Git\cmd;D:\mingw-w64\mingw64\bin;D:\Nodejs\;C:\Users\王森安\AppData\Local\Programs\Python\Python37\Scripts\;C:\Users\王森安\AppData\Local\Programs\Python\Python37\;C:\Users\王森安\AppData\Local\Programs\Python\Python311\Scripts\;C:\Users\王森安\AppData\Local\Programs\Python\Python311\;C:\Users\王森安\AppData\Local\Programs\Python\Python310\Scripts\;C:\Users\王森安\AppData\Local\Programs\Python\Python310\;C:\Users\王森安\AppData\Local\Microsoft\WindowsApps;C:\Program Files\Bandizip\;C:\Program Files\JetBrains\IntelliJ IDEA Community Edition 2021.2.3\bin;;D:\代码软件\IntelliJ IDEA 2023.1.4\bin;;D:\代码软件\PyCharm Community Edition 2023.1.3\bin;;D:\Visual Studio\Microsoft VS Code\bin;;D:\代码软件\PyCharm Professional 2023.1.3\PyCharm 2023.1.3\bin;;C:\Users\王森安\AppData\Roaming\npm;."/>
    <property name="java.vm.info" value="mixed mode, sharing"/>
    <property name="stderr.encoding" value="GBK"/>
    <property name="java.vendor" value="Oracle Corporation"/>
    <property name="java.vm.version" value="20.0.1+9-29"/>
    <property name="sun.io.unicode.encoding" value="UnicodeLittle"/>
    <property name="maven.repo.local" value="D:\apache-maven-3.9.3\mvn_repo"/>
    <property name="java.class.version" value="64.0"/>
  </properties>
  <testcase name="test1" classname="org.example.DemoTest" time="0.006">
    <system-out><![CDATA[hello test1
]]></system-out>
  </testcase>
  <testcase name="test2" classname="org.example.DemoTest" time="0.001">
    <system-out><![CDATA[hello test2
]]></system-out>
  </testcase>
  <testcase name="test3" classname="org.example.DemoTest" time="0.001">
    <system-out><![CDATA[hello test3
]]></system-out>
  </testcase>
</testsuite>